<?xml version="1.0" encoding="UTF-8"?>
<!-- Generated by org.testng.reporters.JUnitXMLReporter -->
<testsuite ignored="0" hostname="Monica" failures="1" tests="4" name="Test" time="24.861" errors="0" timestamp="2022-06-02T15:02:29 EET">
  <testcase classname="tests.UserRegisterTest" name="PressOnSignInButtonTest" time="22.147"/>
  <testcase classname="tests.UserRegisterTest" name="EnterCreateAccountEmail" time="0.13"/>
  <testcase classname="tests.UserRegisterTest" name="EnterCreateAccountEmail" time="0.09"/>
  <testcase classname="tests.UserRegisterTest" name="EnterUserData" time="0.003">
    <failure type="java.lang.Error" message="Unresolved compilation problem: 
	ss cannot be resolved to a variable
">
      <![CDATA[java.lang.Error: Unresolved compilation problem: 
ss cannot be resolved to a variable

at tests.UserRegisterTest.EnterUserData(UserRegisterTest.java:36)
at java.base/java.util.ArrayList.forEach(ArrayList.java:1511)
at java.base/java.util.concurrent.FutureTask.run(FutureTask.java:264)
at java.base/java.util.concurrent.ThreadPoolExecutor.runWorker(ThreadPoolExecutor.java:1136)
at java.base/java.util.concurrent.ThreadPoolExecutor$Worker.run(ThreadPoolExecutor.java:635)
at java.base/java.lang.Thread.run(Thread.java:833)
... Removed 18 stack frames]]>
    </failure>
  </testcase> <!-- EnterUserData -->
</testsuite> <!-- Test -->
