<?xml version="1.0" encoding="UTF-8"?>
<testng-results ignored="0" total="2" passed="2" failed="0" skipped="0">
  <reporter-output>
  </reporter-output>
  <suite started-at="2022-05-23T14:25:10 EET" name="Suite" finished-at="2022-05-23T14:25:27 EET" duration-ms="16619">
    <groups>
    </groups>
    <test started-at="2022-05-23T14:25:10 EET" name="Test" finished-at="2022-05-23T14:25:27 EET" duration-ms="16606">
      <class name="tests.UserRegisterTest">
        <test-method is-config="true" signature="setup(java.lang.String)[pri:0, instance:tests.UserRegisterTest@76494737]" started-at="2022-05-23T14:25:10 EET" name="setup" finished-at="2022-05-23T14:25:14 EET" duration-ms="4165" status="PASS">
          <params>
            <param index="0">
              <value>
                <![CDATA[edgeDriver]]>
              </value>
            </param>
          </params>
          <reporter-output>
          </reporter-output>
        </test-method> <!-- setup -->
        <test-method signature="PressOnSignInButtonTest()[pri:0, instance:tests.UserRegisterTest@76494737]" started-at="2022-05-23T14:25:14 EET" name="PressOnSignInButtonTest" finished-at="2022-05-23T14:25:24 EET" duration-ms="9879" status="PASS">
          <reporter-output>
          </reporter-output>
        </test-method> <!-- PressOnSignInButtonTest -->
        <test-method signature="EnterCreateAccountEmail()[pri:0, instance:tests.UserRegisterTest@76494737]" started-at="2022-05-23T14:25:24 EET" name="EnterCreateAccountEmail" finished-at="2022-05-23T14:25:26 EET" depends-on-methods="tests.UserRegisterTest.PressOnSignInButtonTest" duration-ms="1912" status="PASS">
          <reporter-output>
          </reporter-output>
        </test-method> <!-- EnterCreateAccountEmail -->
        <test-method is-config="true" signature="closeDriver()[pri:0, instance:tests.UserRegisterTest@76494737]" started-at="2022-05-23T14:25:26 EET" name="closeDriver" finished-at="2022-05-23T14:25:27 EET" duration-ms="575" status="PASS">
          <reporter-output>
          </reporter-output>
        </test-method> <!-- closeDriver -->
      </class> <!-- tests.UserRegisterTest -->
    </test> <!-- Test -->
    <test started-at="2022-05-23T14:25:27 EET" name="Test1" finished-at="2022-05-23T14:25:27 EET" duration-ms="1">
    </test> <!-- Test1 -->
  </suite> <!-- Suite -->
</testng-results>
