<?xml version="1.0" encoding="UTF-8"?>
<!-- Generated by org.testng.reporters.JUnitReportReporter -->
<testsuite hostname="Monica" failures="0" tests="1" name="runner.TestRunner" time="0.092" errors="1" timestamp="2022-05-20T21:50:19 EET" skipped="0">
  <testcase classname="runner.TestRunner" name="runScenario" time="0.092">
    <error message="Cannot invoke &quot;org.openqa.selenium.WebDriver.get(String)&quot; because &quot;this.driver&quot; is null" type="java.lang.NullPointerException">
      <![CDATA[java.lang.NullPointerException: Cannot invoke "org.openqa.selenium.WebDriver.get(String)" because "this.driver" is null
at utilities.UIActions.navigateToURL(UIActions.java:61)
at Pages.HomePage.navigateToHomePage(HomePage.java:21)
at stepDefintion.UserRegisteration.the_user_in_the_home_page(UserRegisteration.java:36)
at ✽.the user in the home page(file:///C:/Users/Lenovo/eclipse-workspace/Test_Automation_framework/src/test/java/feature/UserRegisteration.feature:5)
]]>
    </error>
  </testcase> <!-- runScenario -->
  <system-out/>
</testsuite> <!-- runner.TestRunner -->
